{"name":"hexo","hostname":"xiaoxzhe-mac","pid":96940,"level":20,"msg":"Hexo version: \u001b[35m3.3.1\u001b[39m","time":"2017-04-07T07:36:04.849Z","v":0}
{"name":"hexo","hostname":"xiaoxzhe-mac","pid":96940,"level":20,"msg":"Working directory: \u001b[35m~/Documents/workspace/blog/zhengxiaoxu.github.io/\u001b[39m","time":"2017-04-07T07:36:04.851Z","v":0}
{"name":"hexo","hostname":"xiaoxzhe-mac","pid":96940,"level":20,"msg":"Config loaded: \u001b[35m~/Documents/workspace/blog/zhengxiaoxu.github.io/_config.yml\u001b[39m","time":"2017-04-07T07:36:04.928Z","v":0}
{"name":"hexo","hostname":"xiaoxzhe-mac","pid":96940,"level":20,"msg":"Script loaded: \u001b[35mthemes/next/scripts/merge-configs.js\u001b[39m","time":"2017-04-07T07:36:04.943Z","v":0}
{"name":"hexo","hostname":"xiaoxzhe-mac","pid":96940,"level":20,"msg":"Script loaded: \u001b[35mthemes/next/scripts/merge.js\u001b[39m","time":"2017-04-07T07:36:04.946Z","v":0}
{"name":"hexo","hostname":"xiaoxzhe-mac","pid":96940,"level":20,"msg":"Script loaded: \u001b[35mthemes/next/scripts/tags/button.js\u001b[39m","time":"2017-04-07T07:36:04.947Z","v":0}
{"name":"hexo","hostname":"xiaoxzhe-mac","pid":96940,"level":20,"msg":"Script loaded: \u001b[35mthemes/next/scripts/tags/center-quote.js\u001b[39m","time":"2017-04-07T07:36:04.947Z","v":0}
{"name":"hexo","hostname":"xiaoxzhe-mac","pid":96940,"level":20,"msg":"Script loaded: \u001b[35mthemes/next/scripts/tags/exturl.js\u001b[39m","time":"2017-04-07T07:36:04.947Z","v":0}
{"name":"hexo","hostname":"xiaoxzhe-mac","pid":96940,"level":20,"msg":"Script loaded: \u001b[35mthemes/next/scripts/tags/full-image.js\u001b[39m","time":"2017-04-07T07:36:04.948Z","v":0}
{"name":"hexo","hostname":"xiaoxzhe-mac","pid":96940,"level":20,"msg":"Script loaded: \u001b[35mthemes/next/scripts/tags/group-pictures.js\u001b[39m","time":"2017-04-07T07:36:04.949Z","v":0}
{"name":"hexo","hostname":"xiaoxzhe-mac","pid":96940,"level":20,"msg":"Script loaded: \u001b[35mthemes/next/scripts/tags/note.js\u001b[39m","time":"2017-04-07T07:36:04.949Z","v":0}
{"name":"hexo","hostname":"xiaoxzhe-mac","pid":96940,"level":20,"msg":"Plugin loaded: \u001b[35mhexo-generator-archive\u001b[39m","time":"2017-04-07T07:36:04.951Z","v":0}
{"name":"hexo","hostname":"xiaoxzhe-mac","pid":96940,"level":20,"msg":"Plugin loaded: \u001b[35mhexo-generator-category\u001b[39m","time":"2017-04-07T07:36:04.952Z","v":0}
{"name":"hexo","hostname":"xiaoxzhe-mac","pid":96940,"level":20,"msg":"Plugin loaded: \u001b[35mhexo-generator-index\u001b[39m","time":"2017-04-07T07:36:04.954Z","v":0}
{"name":"hexo","hostname":"xiaoxzhe-mac","pid":96940,"level":20,"msg":"Plugin loaded: \u001b[35mhexo-generator-tag\u001b[39m","time":"2017-04-07T07:36:04.955Z","v":0}
{"name":"hexo","hostname":"xiaoxzhe-mac","pid":96940,"level":20,"msg":"Plugin loaded: \u001b[35mhexo-renderer-ejs\u001b[39m","time":"2017-04-07T07:36:04.957Z","v":0}
{"name":"hexo","hostname":"xiaoxzhe-mac","pid":96940,"level":20,"msg":"Plugin loaded: \u001b[35mhexo-renderer-stylus\u001b[39m","time":"2017-04-07T07:36:04.958Z","v":0}
{"name":"hexo","hostname":"xiaoxzhe-mac","pid":96940,"level":20,"msg":"Plugin loaded: \u001b[35mhexo-renderer-marked\u001b[39m","time":"2017-04-07T07:36:04.965Z","v":0}
{"name":"hexo","hostname":"xiaoxzhe-mac","pid":96940,"level":20,"msg":"Plugin loaded: \u001b[35mhexo-server\u001b[39m","time":"2017-04-07T07:36:05.024Z","v":0}
{"name":"hexo","hostname":"xiaoxzhe-mac","pid":96940,"level":20,"msg":"Loading database.","time":"2017-04-07T07:36:05.033Z","v":0}
{"name":"hexo","hostname":"xiaoxzhe-mac","pid":96940,"level":30,"msg":"Start processing","time":"2017-04-07T07:36:05.041Z","v":0}
{"name":"hexo","hostname":"xiaoxzhe-mac","pid":96940,"level":20,"msg":"Theme config loaded.","time":"2017-04-07T07:36:05.181Z","v":0}
{"name":"hexo","hostname":"xiaoxzhe-mac","pid":96940,"level":20,"msg":"Processed: \u001b[35m_config.yml\u001b[39m","time":"2017-04-07T07:36:05.182Z","v":0}
{"name":"hexo","hostname":"xiaoxzhe-mac","pid":96940,"level":20,"msg":"Processed: \u001b[35msource/images/avatar.gif\u001b[39m","time":"2017-04-07T07:36:05.186Z","v":0}
{"name":"hexo","hostname":"xiaoxzhe-mac","pid":96940,"level":20,"msg":"Processed: \u001b[35msource/css/main.styl\u001b[39m","time":"2017-04-07T07:36:05.187Z","v":0}
{"name":"hexo","hostname":"xiaoxzhe-mac","pid":96940,"level":20,"msg":"Processed: \u001b[35msource/images/cc-by-nc.svg\u001b[39m","time":"2017-04-07T07:36:05.187Z","v":0}
{"name":"hexo","hostname":"xiaoxzhe-mac","pid":96940,"level":20,"msg":"Processed: \u001b[35msource/images/cc-by-nc-nd.svg\u001b[39m","time":"2017-04-07T07:36:05.188Z","v":0}
{"name":"hexo","hostname":"xiaoxzhe-mac","pid":96940,"level":20,"msg":"Processed: \u001b[35msource/images/cc-by-nc-sa.svg\u001b[39m","time":"2017-04-07T07:36:05.190Z","v":0}
{"name":"hexo","hostname":"xiaoxzhe-mac","pid":96940,"level":20,"msg":"Processed: \u001b[35msource/images/algolia_logo.svg\u001b[39m","time":"2017-04-07T07:36:05.191Z","v":0}
{"name":"hexo","hostname":"xiaoxzhe-mac","pid":96940,"level":20,"msg":"Processed: \u001b[35msource/images/cc-by-nd.svg\u001b[39m","time":"2017-04-07T07:36:05.192Z","v":0}
{"name":"hexo","hostname":"xiaoxzhe-mac","pid":96940,"level":20,"msg":"Processed: \u001b[35msource/images/cc-by-sa.svg\u001b[39m","time":"2017-04-07T07:36:05.192Z","v":0}
{"name":"hexo","hostname":"xiaoxzhe-mac","pid":96940,"level":20,"msg":"Processed: \u001b[35msource/images/cc-by.svg\u001b[39m","time":"2017-04-07T07:36:05.194Z","v":0}
{"name":"hexo","hostname":"xiaoxzhe-mac","pid":96940,"level":20,"msg":"Processed: \u001b[35msource/images/cc-zero.svg\u001b[39m","time":"2017-04-07T07:36:05.194Z","v":0}
{"name":"hexo","hostname":"xiaoxzhe-mac","pid":96940,"level":20,"msg":"Processed: \u001b[35msource/images/loading.gif\u001b[39m","time":"2017-04-07T07:36:05.195Z","v":0}
{"name":"hexo","hostname":"xiaoxzhe-mac","pid":96940,"level":20,"msg":"Processed: \u001b[35msource/images/placeholder.gif\u001b[39m","time":"2017-04-07T07:36:05.195Z","v":0}
{"name":"hexo","hostname":"xiaoxzhe-mac","pid":96940,"level":20,"msg":"Processed: \u001b[35msource/images/quote-l.svg\u001b[39m","time":"2017-04-07T07:36:05.196Z","v":0}
{"name":"hexo","hostname":"xiaoxzhe-mac","pid":96940,"level":20,"msg":"Processed: \u001b[35msource/images/quote-r.svg\u001b[39m","time":"2017-04-07T07:36:05.196Z","v":0}
{"name":"hexo","hostname":"xiaoxzhe-mac","pid":96940,"level":20,"msg":"Processed: \u001b[35msource/images/searchicon.png\u001b[39m","time":"2017-04-07T07:36:05.196Z","v":0}
{"name":"hexo","hostname":"xiaoxzhe-mac","pid":96940,"level":20,"msg":"Processed: \u001b[35m_posts/hello-world.md\u001b[39m","time":"2017-04-07T07:36:05.221Z","v":0}
{"name":"hexo","hostname":"xiaoxzhe-mac","pid":96940,"level":20,"msg":"Processed: \u001b[35mlayout/_layout.swig\u001b[39m","time":"2017-04-07T07:36:05.455Z","v":0}
{"name":"hexo","hostname":"xiaoxzhe-mac","pid":96940,"level":20,"msg":"Processed: \u001b[35mlayout/category.swig\u001b[39m","time":"2017-04-07T07:36:05.455Z","v":0}
{"name":"hexo","hostname":"xiaoxzhe-mac","pid":96940,"level":20,"msg":"Processed: \u001b[35mlayout/archive.swig\u001b[39m","time":"2017-04-07T07:36:05.456Z","v":0}
{"name":"hexo","hostname":"xiaoxzhe-mac","pid":96940,"level":20,"msg":"Processed: \u001b[35mlayout/index.swig\u001b[39m","time":"2017-04-07T07:36:05.456Z","v":0}
{"name":"hexo","hostname":"xiaoxzhe-mac","pid":96940,"level":20,"msg":"Processed: \u001b[35mlayout/page.swig\u001b[39m","time":"2017-04-07T07:36:05.456Z","v":0}
{"name":"hexo","hostname":"xiaoxzhe-mac","pid":96940,"level":20,"msg":"Processed: \u001b[35mlayout/post.swig\u001b[39m","time":"2017-04-07T07:36:05.456Z","v":0}
{"name":"hexo","hostname":"xiaoxzhe-mac","pid":96940,"level":20,"msg":"Processed: \u001b[35mlayout/schedule.swig\u001b[39m","time":"2017-04-07T07:36:05.457Z","v":0}
{"name":"hexo","hostname":"xiaoxzhe-mac","pid":96940,"level":20,"msg":"Processed: \u001b[35mlayout/tag.swig\u001b[39m","time":"2017-04-07T07:36:05.457Z","v":0}
{"name":"hexo","hostname":"xiaoxzhe-mac","pid":96940,"level":20,"msg":"Processed: \u001b[35mlanguages/default.yml\u001b[39m","time":"2017-04-07T07:36:05.462Z","v":0}
{"name":"hexo","hostname":"xiaoxzhe-mac","pid":96940,"level":20,"msg":"Processed: \u001b[35mlanguages/de.yml\u001b[39m","time":"2017-04-07T07:36:05.462Z","v":0}
{"name":"hexo","hostname":"xiaoxzhe-mac","pid":96940,"level":20,"msg":"Processed: \u001b[35mlanguages/en.yml\u001b[39m","time":"2017-04-07T07:36:05.462Z","v":0}
{"name":"hexo","hostname":"xiaoxzhe-mac","pid":96940,"level":20,"msg":"Processed: \u001b[35mlanguages/fr-FR.yml\u001b[39m","time":"2017-04-07T07:36:05.462Z","v":0}
{"name":"hexo","hostname":"xiaoxzhe-mac","pid":96940,"level":20,"msg":"Processed: \u001b[35mlanguages/id.yml\u001b[39m","time":"2017-04-07T07:36:05.462Z","v":0}
{"name":"hexo","hostname":"xiaoxzhe-mac","pid":96940,"level":20,"msg":"Processed: \u001b[35mlanguages/ja.yml\u001b[39m","time":"2017-04-07T07:36:05.463Z","v":0}
{"name":"hexo","hostname":"xiaoxzhe-mac","pid":96940,"level":20,"msg":"Processed: \u001b[35mlanguages/pt-BR.yml\u001b[39m","time":"2017-04-07T07:36:05.463Z","v":0}
{"name":"hexo","hostname":"xiaoxzhe-mac","pid":96940,"level":20,"msg":"Processed: \u001b[35mlanguages/ko.yml\u001b[39m","time":"2017-04-07T07:36:05.463Z","v":0}
{"name":"hexo","hostname":"xiaoxzhe-mac","pid":96940,"level":20,"msg":"Processed: \u001b[35mlanguages/pt.yml\u001b[39m","time":"2017-04-07T07:36:05.463Z","v":0}
{"name":"hexo","hostname":"xiaoxzhe-mac","pid":96940,"level":20,"msg":"Processed: \u001b[35mlanguages/ru.yml\u001b[39m","time":"2017-04-07T07:36:05.463Z","v":0}
{"name":"hexo","hostname":"xiaoxzhe-mac","pid":96940,"level":20,"msg":"Processed: \u001b[35mlanguages/zh-Hans.yml\u001b[39m","time":"2017-04-07T07:36:05.463Z","v":0}
{"name":"hexo","hostname":"xiaoxzhe-mac","pid":96940,"level":20,"msg":"Processed: \u001b[35mlanguages/zh-hk.yml\u001b[39m","time":"2017-04-07T07:36:05.463Z","v":0}
{"name":"hexo","hostname":"xiaoxzhe-mac","pid":96940,"level":20,"msg":"Processed: \u001b[35mlanguages/zh-tw.yml\u001b[39m","time":"2017-04-07T07:36:05.463Z","v":0}
{"name":"hexo","hostname":"xiaoxzhe-mac","pid":96940,"level":20,"msg":"Processed: \u001b[35msource/js/src/affix.js\u001b[39m","time":"2017-04-07T07:36:05.471Z","v":0}
{"name":"hexo","hostname":"xiaoxzhe-mac","pid":96940,"level":20,"msg":"Processed: \u001b[35msource/js/src/bootstrap.js\u001b[39m","time":"2017-04-07T07:36:05.472Z","v":0}
{"name":"hexo","hostname":"xiaoxzhe-mac","pid":96940,"level":20,"msg":"Processed: \u001b[35msource/js/src/algolia-search.js\u001b[39m","time":"2017-04-07T07:36:05.472Z","v":0}
{"name":"hexo","hostname":"xiaoxzhe-mac","pid":96940,"level":20,"msg":"Processed: \u001b[35msource/js/src/exturl.js\u001b[39m","time":"2017-04-07T07:36:05.472Z","v":0}
{"name":"hexo","hostname":"xiaoxzhe-mac","pid":96940,"level":20,"msg":"Processed: \u001b[35msource/js/src/hook-duoshuo.js\u001b[39m","time":"2017-04-07T07:36:05.472Z","v":0}
{"name":"hexo","hostname":"xiaoxzhe-mac","pid":96940,"level":20,"msg":"Processed: \u001b[35msource/js/src/motion.js\u001b[39m","time":"2017-04-07T07:36:05.475Z","v":0}
{"name":"hexo","hostname":"xiaoxzhe-mac","pid":96940,"level":20,"msg":"Processed: \u001b[35msource/js/src/scrollspy.js\u001b[39m","time":"2017-04-07T07:36:05.476Z","v":0}
{"name":"hexo","hostname":"xiaoxzhe-mac","pid":96940,"level":20,"msg":"Processed: \u001b[35msource/js/src/post-details.js\u001b[39m","time":"2017-04-07T07:36:05.476Z","v":0}
{"name":"hexo","hostname":"xiaoxzhe-mac","pid":96940,"level":20,"msg":"Processed: \u001b[35msource/lib/algolia-instant-search/instantsearch.min.css\u001b[39m","time":"2017-04-07T07:36:05.477Z","v":0}
{"name":"hexo","hostname":"xiaoxzhe-mac","pid":96940,"level":20,"msg":"Processed: \u001b[35msource/lib/canvas-nest/canvas-nest.min.js\u001b[39m","time":"2017-04-07T07:36:05.477Z","v":0}
{"name":"hexo","hostname":"xiaoxzhe-mac","pid":96940,"level":20,"msg":"Processed: \u001b[35msource/js/src/utils.js\u001b[39m","time":"2017-04-07T07:36:05.478Z","v":0}
{"name":"hexo","hostname":"xiaoxzhe-mac","pid":96940,"level":20,"msg":"Processed: \u001b[35msource/lib/fastclick/LICENSE\u001b[39m","time":"2017-04-07T07:36:05.479Z","v":0}
{"name":"hexo","hostname":"xiaoxzhe-mac","pid":96940,"level":20,"msg":"Processed: \u001b[35msource/lib/fastclick/README.md\u001b[39m","time":"2017-04-07T07:36:05.480Z","v":0}
{"name":"hexo","hostname":"xiaoxzhe-mac","pid":96940,"level":20,"msg":"Processed: \u001b[35msource/lib/fastclick/bower.json\u001b[39m","time":"2017-04-07T07:36:05.480Z","v":0}
{"name":"hexo","hostname":"xiaoxzhe-mac","pid":96940,"level":20,"msg":"Processed: \u001b[35msource/lib/font-awesome/HELP-US-OUT.txt\u001b[39m","time":"2017-04-07T07:36:05.481Z","v":0}
{"name":"hexo","hostname":"xiaoxzhe-mac","pid":96940,"level":20,"msg":"Processed: \u001b[35msource/lib/font-awesome/bower.json\u001b[39m","time":"2017-04-07T07:36:05.481Z","v":0}
{"name":"hexo","hostname":"xiaoxzhe-mac","pid":96940,"level":20,"msg":"Processed: \u001b[35msource/lib/jquery_lazyload/CONTRIBUTING.md\u001b[39m","time":"2017-04-07T07:36:05.481Z","v":0}
{"name":"hexo","hostname":"xiaoxzhe-mac","pid":96940,"level":20,"msg":"Processed: \u001b[35msource/lib/jquery_lazyload/README.md\u001b[39m","time":"2017-04-07T07:36:05.483Z","v":0}
{"name":"hexo","hostname":"xiaoxzhe-mac","pid":96940,"level":20,"msg":"Processed: \u001b[35msource/lib/jquery_lazyload/bower.json\u001b[39m","time":"2017-04-07T07:36:05.484Z","v":0}
{"name":"hexo","hostname":"xiaoxzhe-mac","pid":96940,"level":20,"msg":"Processed: \u001b[35msource/lib/jquery_lazyload/jquery.scrollstop.js\u001b[39m","time":"2017-04-07T07:36:05.484Z","v":0}
{"name":"hexo","hostname":"xiaoxzhe-mac","pid":96940,"level":20,"msg":"Processed: \u001b[35msource/lib/jquery_lazyload/jquery.lazyload.js\u001b[39m","time":"2017-04-07T07:36:05.484Z","v":0}
{"name":"hexo","hostname":"xiaoxzhe-mac","pid":96940,"level":20,"msg":"Processed: \u001b[35msource/lib/three/three-waves.min.js\u001b[39m","time":"2017-04-07T07:36:05.484Z","v":0}
{"name":"hexo","hostname":"xiaoxzhe-mac","pid":96940,"level":20,"msg":"Processed: \u001b[35msource/lib/velocity/bower.json\u001b[39m","time":"2017-04-07T07:36:05.485Z","v":0}
{"name":"hexo","hostname":"xiaoxzhe-mac","pid":96940,"level":20,"msg":"Processed: \u001b[35msource/lib/velocity/velocity.ui.min.js\u001b[39m","time":"2017-04-07T07:36:05.485Z","v":0}
{"name":"hexo","hostname":"xiaoxzhe-mac","pid":96940,"level":20,"msg":"Processed: \u001b[35msource/lib/velocity/velocity.ui.js\u001b[39m","time":"2017-04-07T07:36:05.485Z","v":0}
{"name":"hexo","hostname":"xiaoxzhe-mac","pid":96940,"level":20,"msg":"Processed: \u001b[35msource/lib/velocity/velocity.min.js\u001b[39m","time":"2017-04-07T07:36:05.485Z","v":0}
{"name":"hexo","hostname":"xiaoxzhe-mac","pid":96940,"level":20,"msg":"Processed: \u001b[35msource/lib/jquery/index.js\u001b[39m","time":"2017-04-07T07:36:05.500Z","v":0}
{"name":"hexo","hostname":"xiaoxzhe-mac","pid":96940,"level":20,"msg":"Processed: \u001b[35mlayout/_custom/sidebar.swig\u001b[39m","time":"2017-04-07T07:36:05.573Z","v":0}
{"name":"hexo","hostname":"xiaoxzhe-mac","pid":96940,"level":20,"msg":"Processed: \u001b[35mlayout/_custom/header.swig\u001b[39m","time":"2017-04-07T07:36:05.573Z","v":0}
{"name":"hexo","hostname":"xiaoxzhe-mac","pid":96940,"level":20,"msg":"Processed: \u001b[35mlayout/_macro/post-collapse.swig\u001b[39m","time":"2017-04-07T07:36:05.573Z","v":0}
{"name":"hexo","hostname":"xiaoxzhe-mac","pid":96940,"level":20,"msg":"Processed: \u001b[35mlayout/_macro/post-copyright.swig\u001b[39m","time":"2017-04-07T07:36:05.573Z","v":0}
{"name":"hexo","hostname":"xiaoxzhe-mac","pid":96940,"level":20,"msg":"Processed: \u001b[35mlayout/_macro/post.swig\u001b[39m","time":"2017-04-07T07:36:05.573Z","v":0}
{"name":"hexo","hostname":"xiaoxzhe-mac","pid":96940,"level":20,"msg":"Processed: \u001b[35mlayout/_macro/sidebar.swig\u001b[39m","time":"2017-04-07T07:36:05.574Z","v":0}
{"name":"hexo","hostname":"xiaoxzhe-mac","pid":96940,"level":20,"msg":"Processed: \u001b[35mlayout/_macro/wechat-subscriber.swig\u001b[39m","time":"2017-04-07T07:36:05.574Z","v":0}
{"name":"hexo","hostname":"xiaoxzhe-mac","pid":96940,"level":20,"msg":"Processed: \u001b[35mlayout/_macro/reward.swig\u001b[39m","time":"2017-04-07T07:36:05.574Z","v":0}
{"name":"hexo","hostname":"xiaoxzhe-mac","pid":96940,"level":20,"msg":"Processed: \u001b[35mlayout/_partials/comments.swig\u001b[39m","time":"2017-04-07T07:36:05.574Z","v":0}
{"name":"hexo","hostname":"xiaoxzhe-mac","pid":96940,"level":20,"msg":"Processed: \u001b[35mlayout/_partials/footer.swig\u001b[39m","time":"2017-04-07T07:36:05.574Z","v":0}
{"name":"hexo","hostname":"xiaoxzhe-mac","pid":96940,"level":20,"msg":"Processed: \u001b[35mlayout/_partials/header.swig\u001b[39m","time":"2017-04-07T07:36:05.574Z","v":0}
{"name":"hexo","hostname":"xiaoxzhe-mac","pid":96940,"level":20,"msg":"Processed: \u001b[35mlayout/_partials/head.swig\u001b[39m","time":"2017-04-07T07:36:05.574Z","v":0}
{"name":"hexo","hostname":"xiaoxzhe-mac","pid":96940,"level":20,"msg":"Processed: \u001b[35mlayout/_partials/page-header.swig\u001b[39m","time":"2017-04-07T07:36:05.574Z","v":0}
{"name":"hexo","hostname":"xiaoxzhe-mac","pid":96940,"level":20,"msg":"Processed: \u001b[35mlayout/_partials/pagination.swig\u001b[39m","time":"2017-04-07T07:36:05.574Z","v":0}
{"name":"hexo","hostname":"xiaoxzhe-mac","pid":96940,"level":20,"msg":"Processed: \u001b[35mlayout/_partials/search.swig\u001b[39m","time":"2017-04-07T07:36:05.574Z","v":0}
{"name":"hexo","hostname":"xiaoxzhe-mac","pid":96940,"level":20,"msg":"Processed: \u001b[35mlayout/_scripts/boostrap.swig\u001b[39m","time":"2017-04-07T07:36:05.574Z","v":0}
{"name":"hexo","hostname":"xiaoxzhe-mac","pid":96940,"level":20,"msg":"Processed: \u001b[35mlayout/_scripts/commons.swig\u001b[39m","time":"2017-04-07T07:36:05.574Z","v":0}
{"name":"hexo","hostname":"xiaoxzhe-mac","pid":96940,"level":20,"msg":"Processed: \u001b[35mlayout/_scripts/vendors.swig\u001b[39m","time":"2017-04-07T07:36:05.574Z","v":0}
{"name":"hexo","hostname":"xiaoxzhe-mac","pid":96940,"level":20,"msg":"Processed: \u001b[35mlayout/_third-party/duoshuo-hot-articles.swig\u001b[39m","time":"2017-04-07T07:36:05.574Z","v":0}
{"name":"hexo","hostname":"xiaoxzhe-mac","pid":96940,"level":20,"msg":"Processed: \u001b[35mlayout/_third-party/exturl.swig\u001b[39m","time":"2017-04-07T07:36:05.574Z","v":0}
{"name":"hexo","hostname":"xiaoxzhe-mac","pid":96940,"level":20,"msg":"Processed: \u001b[35mlayout/_third-party/mathjax.swig\u001b[39m","time":"2017-04-07T07:36:05.574Z","v":0}
{"name":"hexo","hostname":"xiaoxzhe-mac","pid":96940,"level":20,"msg":"Processed: \u001b[35mlayout/_third-party/schedule.swig\u001b[39m","time":"2017-04-07T07:36:05.575Z","v":0}
{"name":"hexo","hostname":"xiaoxzhe-mac","pid":96940,"level":20,"msg":"Processed: \u001b[35msource/js/src/schemes/pisces.js\u001b[39m","time":"2017-04-07T07:36:05.578Z","v":0}
{"name":"hexo","hostname":"xiaoxzhe-mac","pid":96940,"level":20,"msg":"Processed: \u001b[35msource/lib/fancybox/source/fancybox_loading.gif\u001b[39m","time":"2017-04-07T07:36:05.579Z","v":0}
{"name":"hexo","hostname":"xiaoxzhe-mac","pid":96940,"level":20,"msg":"Processed: \u001b[35msource/lib/fancybox/source/fancybox_loading@2x.gif\u001b[39m","time":"2017-04-07T07:36:05.579Z","v":0}
{"name":"hexo","hostname":"xiaoxzhe-mac","pid":96940,"level":20,"msg":"Processed: \u001b[35msource/lib/fancybox/source/fancybox_sprite.png\u001b[39m","time":"2017-04-07T07:36:05.579Z","v":0}
{"name":"hexo","hostname":"xiaoxzhe-mac","pid":96940,"level":20,"msg":"Processed: \u001b[35msource/lib/fancybox/source/fancybox_overlay.png\u001b[39m","time":"2017-04-07T07:36:05.580Z","v":0}
{"name":"hexo","hostname":"xiaoxzhe-mac","pid":96940,"level":20,"msg":"Processed: \u001b[35msource/lib/fancybox/source/blank.gif\u001b[39m","time":"2017-04-07T07:36:05.580Z","v":0}
{"name":"hexo","hostname":"xiaoxzhe-mac","pid":96940,"level":20,"msg":"Processed: \u001b[35msource/lib/fancybox/source/fancybox_sprite@2x.png\u001b[39m","time":"2017-04-07T07:36:05.580Z","v":0}
{"name":"hexo","hostname":"xiaoxzhe-mac","pid":96940,"level":20,"msg":"Processed: \u001b[35msource/lib/fancybox/source/jquery.fancybox.css\u001b[39m","time":"2017-04-07T07:36:05.581Z","v":0}
{"name":"hexo","hostname":"xiaoxzhe-mac","pid":96940,"level":20,"msg":"Processed: \u001b[35msource/lib/fancybox/source/jquery.fancybox.pack.js\u001b[39m","time":"2017-04-07T07:36:05.581Z","v":0}
{"name":"hexo","hostname":"xiaoxzhe-mac","pid":96940,"level":20,"msg":"Processed: \u001b[35msource/lib/fancybox/source/jquery.fancybox.js\u001b[39m","time":"2017-04-07T07:36:05.581Z","v":0}
{"name":"hexo","hostname":"xiaoxzhe-mac","pid":96940,"level":20,"msg":"Processed: \u001b[35msource/lib/fastclick/lib/fastclick.js\u001b[39m","time":"2017-04-07T07:36:05.581Z","v":0}
{"name":"hexo","hostname":"xiaoxzhe-mac","pid":96940,"level":20,"msg":"Processed: \u001b[35msource/lib/fastclick/lib/fastclick.min.js\u001b[39m","time":"2017-04-07T07:36:05.582Z","v":0}
{"name":"hexo","hostname":"xiaoxzhe-mac","pid":96940,"level":20,"msg":"Processed: \u001b[35msource/lib/font-awesome/css/font-awesome.css\u001b[39m","time":"2017-04-07T07:36:05.582Z","v":0}
{"name":"hexo","hostname":"xiaoxzhe-mac","pid":96940,"level":20,"msg":"Processed: \u001b[35msource/lib/font-awesome/css/font-awesome.min.css\u001b[39m","time":"2017-04-07T07:36:05.582Z","v":0}
{"name":"hexo","hostname":"xiaoxzhe-mac","pid":96940,"level":20,"msg":"Processed: \u001b[35msource/lib/font-awesome/css/font-awesome.css.map\u001b[39m","time":"2017-04-07T07:36:05.583Z","v":0}
{"name":"hexo","hostname":"xiaoxzhe-mac","pid":96940,"level":20,"msg":"Processed: \u001b[35msource/lib/ua-parser-js/dist/ua-parser.min.js\u001b[39m","time":"2017-04-07T07:36:05.583Z","v":0}
{"name":"hexo","hostname":"xiaoxzhe-mac","pid":96940,"level":20,"msg":"Processed: \u001b[35msource/lib/ua-parser-js/dist/ua-parser.pack.js\u001b[39m","time":"2017-04-07T07:36:05.583Z","v":0}
{"name":"hexo","hostname":"xiaoxzhe-mac","pid":96940,"level":20,"msg":"Processed: \u001b[35mlayout/_scripts/schemes/mist.swig\u001b[39m","time":"2017-04-07T07:36:05.587Z","v":0}
{"name":"hexo","hostname":"xiaoxzhe-mac","pid":96940,"level":20,"msg":"Processed: \u001b[35mlayout/_scripts/schemes/muse.swig\u001b[39m","time":"2017-04-07T07:36:05.587Z","v":0}
{"name":"hexo","hostname":"xiaoxzhe-mac","pid":96940,"level":20,"msg":"Processed: \u001b[35msource/lib/font-awesome/fonts/fontawesome-webfont.woff\u001b[39m","time":"2017-04-07T07:36:05.588Z","v":0}
{"name":"hexo","hostname":"xiaoxzhe-mac","pid":96940,"level":20,"msg":"Processed: \u001b[35msource/lib/velocity/velocity.js\u001b[39m","time":"2017-04-07T07:36:05.588Z","v":0}
{"name":"hexo","hostname":"xiaoxzhe-mac","pid":96940,"level":20,"msg":"Processed: \u001b[35msource/lib/font-awesome/fonts/fontawesome-webfont.woff2\u001b[39m","time":"2017-04-07T07:36:05.588Z","v":0}
{"name":"hexo","hostname":"xiaoxzhe-mac","pid":96940,"level":20,"msg":"Processed: \u001b[35mlayout/_partials/head/custom-head.swig\u001b[39m","time":"2017-04-07T07:36:05.612Z","v":0}
{"name":"hexo","hostname":"xiaoxzhe-mac","pid":96940,"level":20,"msg":"Processed: \u001b[35mlayout/_partials/head/external-fonts.swig\u001b[39m","time":"2017-04-07T07:36:05.612Z","v":0}
{"name":"hexo","hostname":"xiaoxzhe-mac","pid":96940,"level":20,"msg":"Processed: \u001b[35mlayout/_partials/search/localsearch.swig\u001b[39m","time":"2017-04-07T07:36:05.612Z","v":0}
{"name":"hexo","hostname":"xiaoxzhe-mac","pid":96940,"level":20,"msg":"Processed: \u001b[35mlayout/_partials/search/swiftype.swig\u001b[39m","time":"2017-04-07T07:36:05.612Z","v":0}
{"name":"hexo","hostname":"xiaoxzhe-mac","pid":96940,"level":20,"msg":"Processed: \u001b[35mlayout/_partials/share/add-this.swig\u001b[39m","time":"2017-04-07T07:36:05.612Z","v":0}
{"name":"hexo","hostname":"xiaoxzhe-mac","pid":96940,"level":20,"msg":"Processed: \u001b[35mlayout/_partials/search/tinysou.swig\u001b[39m","time":"2017-04-07T07:36:05.612Z","v":0}
{"name":"hexo","hostname":"xiaoxzhe-mac","pid":96940,"level":20,"msg":"Processed: \u001b[35mlayout/_partials/share/baidushare.swig\u001b[39m","time":"2017-04-07T07:36:05.612Z","v":0}
{"name":"hexo","hostname":"xiaoxzhe-mac","pid":96940,"level":20,"msg":"Processed: \u001b[35mlayout/_partials/share/jiathis.swig\u001b[39m","time":"2017-04-07T07:36:05.612Z","v":0}
{"name":"hexo","hostname":"xiaoxzhe-mac","pid":96940,"level":20,"msg":"Processed: \u001b[35mlayout/_partials/share/duoshuo_share.swig\u001b[39m","time":"2017-04-07T07:36:05.612Z","v":0}
{"name":"hexo","hostname":"xiaoxzhe-mac","pid":96940,"level":20,"msg":"Processed: \u001b[35mlayout/_scripts/pages/post-details.swig\u001b[39m","time":"2017-04-07T07:36:05.612Z","v":0}
{"name":"hexo","hostname":"xiaoxzhe-mac","pid":96940,"level":20,"msg":"Processed: \u001b[35mlayout/_scripts/schemes/pisces.swig\u001b[39m","time":"2017-04-07T07:36:05.612Z","v":0}
{"name":"hexo","hostname":"xiaoxzhe-mac","pid":96940,"level":20,"msg":"Processed: \u001b[35mlayout/_third-party/analytics/application-insights.swig\u001b[39m","time":"2017-04-07T07:36:05.612Z","v":0}
{"name":"hexo","hostname":"xiaoxzhe-mac","pid":96940,"level":20,"msg":"Processed: \u001b[35mlayout/_third-party/analytics/baidu-analytics.swig\u001b[39m","time":"2017-04-07T07:36:05.612Z","v":0}
{"name":"hexo","hostname":"xiaoxzhe-mac","pid":96940,"level":20,"msg":"Processed: \u001b[35mlayout/_third-party/analytics/busuanzi-counter.swig\u001b[39m","time":"2017-04-07T07:36:05.612Z","v":0}
{"name":"hexo","hostname":"xiaoxzhe-mac","pid":96940,"level":20,"msg":"Processed: \u001b[35mlayout/_third-party/analytics/cnzz-analytics.swig\u001b[39m","time":"2017-04-07T07:36:05.612Z","v":0}
{"name":"hexo","hostname":"xiaoxzhe-mac","pid":96940,"level":20,"msg":"Processed: \u001b[35mlayout/_third-party/analytics/facebook-sdk.swig\u001b[39m","time":"2017-04-07T07:36:05.612Z","v":0}
{"name":"hexo","hostname":"xiaoxzhe-mac","pid":96940,"level":20,"msg":"Processed: \u001b[35mlayout/_third-party/analytics/index.swig\u001b[39m","time":"2017-04-07T07:36:05.612Z","v":0}
{"name":"hexo","hostname":"xiaoxzhe-mac","pid":96940,"level":20,"msg":"Processed: \u001b[35mlayout/_third-party/analytics/google-analytics.swig\u001b[39m","time":"2017-04-07T07:36:05.612Z","v":0}
{"name":"hexo","hostname":"xiaoxzhe-mac","pid":96940,"level":20,"msg":"Processed: \u001b[35mlayout/_third-party/analytics/lean-analytics.swig\u001b[39m","time":"2017-04-07T07:36:05.612Z","v":0}
{"name":"hexo","hostname":"xiaoxzhe-mac","pid":96940,"level":20,"msg":"Processed: \u001b[35mlayout/_third-party/analytics/tencent-analytics.swig\u001b[39m","time":"2017-04-07T07:36:05.612Z","v":0}
{"name":"hexo","hostname":"xiaoxzhe-mac","pid":96940,"level":20,"msg":"Processed: \u001b[35mlayout/_third-party/analytics/vkontakte-api.swig\u001b[39m","time":"2017-04-07T07:36:05.612Z","v":0}
{"name":"hexo","hostname":"xiaoxzhe-mac","pid":96940,"level":20,"msg":"Processed: \u001b[35mlayout/_third-party/analytics/tencent-mta.swig\u001b[39m","time":"2017-04-07T07:36:05.612Z","v":0}
{"name":"hexo","hostname":"xiaoxzhe-mac","pid":96940,"level":20,"msg":"Processed: \u001b[35mlayout/_third-party/comments/changyan.swig\u001b[39m","time":"2017-04-07T07:36:05.612Z","v":0}
{"name":"hexo","hostname":"xiaoxzhe-mac","pid":96940,"level":20,"msg":"Processed: \u001b[35mlayout/_third-party/comments/disqus.swig\u001b[39m","time":"2017-04-07T07:36:05.612Z","v":0}
{"name":"hexo","hostname":"xiaoxzhe-mac","pid":96940,"level":20,"msg":"Processed: \u001b[35mlayout/_third-party/comments/duoshuo.swig\u001b[39m","time":"2017-04-07T07:36:05.613Z","v":0}
{"name":"hexo","hostname":"xiaoxzhe-mac","pid":96940,"level":20,"msg":"Processed: \u001b[35mlayout/_third-party/comments/gentie.swig\u001b[39m","time":"2017-04-07T07:36:05.613Z","v":0}
{"name":"hexo","hostname":"xiaoxzhe-mac","pid":96940,"level":20,"msg":"Processed: \u001b[35mlayout/_third-party/comments/hypercomments.swig\u001b[39m","time":"2017-04-07T07:36:05.613Z","v":0}
{"name":"hexo","hostname":"xiaoxzhe-mac","pid":96940,"level":20,"msg":"Processed: \u001b[35mlayout/_third-party/comments/youyan.swig\u001b[39m","time":"2017-04-07T07:36:05.613Z","v":0}
{"name":"hexo","hostname":"xiaoxzhe-mac","pid":96940,"level":20,"msg":"Processed: \u001b[35mlayout/_third-party/comments/index.swig\u001b[39m","time":"2017-04-07T07:36:05.613Z","v":0}
{"name":"hexo","hostname":"xiaoxzhe-mac","pid":96940,"level":20,"msg":"Processed: \u001b[35mlayout/_third-party/comments/livere.swig\u001b[39m","time":"2017-04-07T07:36:05.613Z","v":0}
{"name":"hexo","hostname":"xiaoxzhe-mac","pid":96940,"level":20,"msg":"Processed: \u001b[35mlayout/_third-party/search/index.swig\u001b[39m","time":"2017-04-07T07:36:05.613Z","v":0}
{"name":"hexo","hostname":"xiaoxzhe-mac","pid":96940,"level":20,"msg":"Processed: \u001b[35mlayout/_third-party/search/localsearch.swig\u001b[39m","time":"2017-04-07T07:36:05.613Z","v":0}
{"name":"hexo","hostname":"xiaoxzhe-mac","pid":96940,"level":20,"msg":"Processed: \u001b[35mlayout/_third-party/seo/baidu-push.swig\u001b[39m","time":"2017-04-07T07:36:05.613Z","v":0}
{"name":"hexo","hostname":"xiaoxzhe-mac","pid":96940,"level":20,"msg":"Processed: \u001b[35mlayout/_third-party/search/tinysou.swig\u001b[39m","time":"2017-04-07T07:36:05.613Z","v":0}
{"name":"hexo","hostname":"xiaoxzhe-mac","pid":96940,"level":20,"msg":"Processed: \u001b[35msource/lib/fancybox/source/helpers/fancybox_buttons.png\u001b[39m","time":"2017-04-07T07:36:05.619Z","v":0}
{"name":"hexo","hostname":"xiaoxzhe-mac","pid":96940,"level":20,"msg":"Processed: \u001b[35msource/lib/fancybox/source/helpers/jquery.fancybox-buttons.css\u001b[39m","time":"2017-04-07T07:36:05.620Z","v":0}
{"name":"hexo","hostname":"xiaoxzhe-mac","pid":96940,"level":20,"msg":"Processed: \u001b[35msource/lib/fancybox/source/helpers/jquery.fancybox-media.js\u001b[39m","time":"2017-04-07T07:36:05.621Z","v":0}
{"name":"hexo","hostname":"xiaoxzhe-mac","pid":96940,"level":20,"msg":"Processed: \u001b[35msource/lib/fancybox/source/helpers/jquery.fancybox-buttons.js\u001b[39m","time":"2017-04-07T07:36:05.621Z","v":0}
{"name":"hexo","hostname":"xiaoxzhe-mac","pid":96940,"level":20,"msg":"Processed: \u001b[35msource/lib/fancybox/source/helpers/jquery.fancybox-thumbs.css\u001b[39m","time":"2017-04-07T07:36:05.621Z","v":0}
{"name":"hexo","hostname":"xiaoxzhe-mac","pid":96940,"level":20,"msg":"Processed: \u001b[35msource/lib/fancybox/source/helpers/jquery.fancybox-thumbs.js\u001b[39m","time":"2017-04-07T07:36:05.622Z","v":0}
{"name":"hexo","hostname":"xiaoxzhe-mac","pid":96940,"level":20,"msg":"Processed: \u001b[35msource/lib/font-awesome/fonts/fontawesome-webfont.eot\u001b[39m","time":"2017-04-07T07:36:05.622Z","v":0}
{"name":"hexo","hostname":"xiaoxzhe-mac","pid":96940,"level":20,"msg":"Processed: \u001b[35msource/lib/font-awesome/fonts/fontawesome-webfont.ttf\u001b[39m","time":"2017-04-07T07:36:05.622Z","v":0}
{"name":"hexo","hostname":"xiaoxzhe-mac","pid":96940,"level":20,"msg":"Processed: \u001b[35msource/lib/font-awesome/fonts/FontAwesome.otf\u001b[39m","time":"2017-04-07T07:36:05.622Z","v":0}
{"name":"hexo","hostname":"xiaoxzhe-mac","pid":96940,"level":20,"msg":"Processed: \u001b[35msource/lib/algolia-instant-search/instantsearch.min.js\u001b[39m","time":"2017-04-07T07:36:05.624Z","v":0}
{"name":"hexo","hostname":"xiaoxzhe-mac","pid":96940,"level":20,"msg":"Processed: \u001b[35mlayout/_third-party/search/algolia-search/dom.swig\u001b[39m","time":"2017-04-07T07:36:05.630Z","v":0}
{"name":"hexo","hostname":"xiaoxzhe-mac","pid":96940,"level":20,"msg":"Processed: \u001b[35mlayout/_third-party/search/algolia-search/assets.swig\u001b[39m","time":"2017-04-07T07:36:05.630Z","v":0}
{"name":"hexo","hostname":"xiaoxzhe-mac","pid":96940,"level":20,"msg":"Processed: \u001b[35msource/lib/three/three.min.js\u001b[39m","time":"2017-04-07T07:36:05.631Z","v":0}
{"name":"hexo","hostname":"xiaoxzhe-mac","pid":96940,"level":20,"msg":"Processed: \u001b[35msource/lib/font-awesome/fonts/fontawesome-webfont.svg\u001b[39m","time":"2017-04-07T07:36:05.632Z","v":0}
{"name":"hexo","hostname":"xiaoxzhe-mac","pid":96940,"level":20,"msg":"Generator: \u001b[35mpage\u001b[39m","time":"2017-04-07T07:36:05.861Z","v":0}
{"name":"hexo","hostname":"xiaoxzhe-mac","pid":96940,"level":20,"msg":"Generator: \u001b[35mpost\u001b[39m","time":"2017-04-07T07:36:05.861Z","v":0}
{"name":"hexo","hostname":"xiaoxzhe-mac","pid":96940,"level":20,"msg":"Generator: \u001b[35marchive\u001b[39m","time":"2017-04-07T07:36:05.861Z","v":0}
{"name":"hexo","hostname":"xiaoxzhe-mac","pid":96940,"level":20,"msg":"Generator: \u001b[35mcategory\u001b[39m","time":"2017-04-07T07:36:05.861Z","v":0}
{"name":"hexo","hostname":"xiaoxzhe-mac","pid":96940,"level":20,"msg":"Generator: \u001b[35mindex\u001b[39m","time":"2017-04-07T07:36:05.861Z","v":0}
{"name":"hexo","hostname":"xiaoxzhe-mac","pid":96940,"level":20,"msg":"Generator: \u001b[35mtag\u001b[39m","time":"2017-04-07T07:36:05.861Z","v":0}
{"name":"hexo","hostname":"xiaoxzhe-mac","pid":96940,"level":20,"msg":"Generator: \u001b[35masset\u001b[39m","time":"2017-04-07T07:36:05.863Z","v":0}
{"name":"hexo","hostname":"xiaoxzhe-mac","pid":96940,"level":30,"msg":"Hexo is running at \u001b[4mhttp://localhost:4000/\u001b[24m. Press Ctrl+C to stop.","time":"2017-04-07T07:36:05.868Z","v":0}
{"name":"hexo","hostname":"xiaoxzhe-mac","pid":96940,"level":20,"msg":"Database saved","time":"2017-04-07T07:36:05.878Z","v":0}
{"name":"hexo","hostname":"xiaoxzhe-mac","pid":96940,"level":20,"msg":"Rendering index: \u001b[35mindex.html\u001b[39m","time":"2017-04-07T07:36:18.703Z","v":0}
{"name":"hexo","hostname":"xiaoxzhe-mac","pid":96940,"level":20,"msg":"Theme config loaded.","time":"2017-04-07T07:39:16.320Z","v":0}
{"name":"hexo","hostname":"xiaoxzhe-mac","pid":96940,"level":20,"msg":"Processed: \u001b[35m_config.yml\u001b[39m","time":"2017-04-07T07:39:16.320Z","v":0}
{"name":"hexo","hostname":"xiaoxzhe-mac","pid":96940,"level":20,"msg":"Generator: \u001b[35mpage\u001b[39m","time":"2017-04-07T07:39:16.436Z","v":0}
{"name":"hexo","hostname":"xiaoxzhe-mac","pid":96940,"level":20,"msg":"Generator: \u001b[35mpost\u001b[39m","time":"2017-04-07T07:39:16.437Z","v":0}
{"name":"hexo","hostname":"xiaoxzhe-mac","pid":96940,"level":20,"msg":"Generator: \u001b[35marchive\u001b[39m","time":"2017-04-07T07:39:16.437Z","v":0}
{"name":"hexo","hostname":"xiaoxzhe-mac","pid":96940,"level":20,"msg":"Generator: \u001b[35mcategory\u001b[39m","time":"2017-04-07T07:39:16.437Z","v":0}
{"name":"hexo","hostname":"xiaoxzhe-mac","pid":96940,"level":20,"msg":"Generator: \u001b[35mindex\u001b[39m","time":"2017-04-07T07:39:16.437Z","v":0}
{"name":"hexo","hostname":"xiaoxzhe-mac","pid":96940,"level":20,"msg":"Generator: \u001b[35mtag\u001b[39m","time":"2017-04-07T07:39:16.437Z","v":0}
{"name":"hexo","hostname":"xiaoxzhe-mac","pid":96940,"level":20,"msg":"Generator: \u001b[35masset\u001b[39m","time":"2017-04-07T07:39:16.440Z","v":0}
{"name":"hexo","hostname":"xiaoxzhe-mac","pid":96940,"level":20,"msg":"Rendering index: \u001b[35mindex.html\u001b[39m","time":"2017-04-07T07:39:35.565Z","v":0}
{"name":"hexo","hostname":"xiaoxzhe-mac","pid":96940,"level":20,"msg":"Theme config loaded.","time":"2017-04-07T07:39:46.582Z","v":0}
{"name":"hexo","hostname":"xiaoxzhe-mac","pid":96940,"level":20,"msg":"Processed: \u001b[35m_config.yml\u001b[39m","time":"2017-04-07T07:39:46.583Z","v":0}
{"name":"hexo","hostname":"xiaoxzhe-mac","pid":96940,"level":20,"msg":"Generator: \u001b[35mpage\u001b[39m","time":"2017-04-07T07:39:46.696Z","v":0}
{"name":"hexo","hostname":"xiaoxzhe-mac","pid":96940,"level":20,"msg":"Generator: \u001b[35mpost\u001b[39m","time":"2017-04-07T07:39:46.697Z","v":0}
{"name":"hexo","hostname":"xiaoxzhe-mac","pid":96940,"level":20,"msg":"Generator: \u001b[35marchive\u001b[39m","time":"2017-04-07T07:39:46.697Z","v":0}
{"name":"hexo","hostname":"xiaoxzhe-mac","pid":96940,"level":20,"msg":"Generator: \u001b[35mcategory\u001b[39m","time":"2017-04-07T07:39:46.697Z","v":0}
{"name":"hexo","hostname":"xiaoxzhe-mac","pid":96940,"level":20,"msg":"Generator: \u001b[35mindex\u001b[39m","time":"2017-04-07T07:39:46.697Z","v":0}
{"name":"hexo","hostname":"xiaoxzhe-mac","pid":96940,"level":20,"msg":"Generator: \u001b[35mtag\u001b[39m","time":"2017-04-07T07:39:46.697Z","v":0}
{"name":"hexo","hostname":"xiaoxzhe-mac","pid":96940,"level":20,"msg":"Generator: \u001b[35masset\u001b[39m","time":"2017-04-07T07:39:46.699Z","v":0}
{"name":"hexo","hostname":"xiaoxzhe-mac","pid":96940,"level":20,"msg":"Rendering index: \u001b[35mindex.html\u001b[39m","time":"2017-04-07T07:39:49.300Z","v":0}
{"name":"hexo","hostname":"xiaoxzhe-mac","pid":96940,"level":20,"msg":"Rendering index: \u001b[35mindex.html\u001b[39m","time":"2017-04-07T07:40:00.930Z","v":0}
{"name":"hexo","hostname":"xiaoxzhe-mac","pid":96940,"level":20,"msg":"Theme config loaded.","time":"2017-04-07T07:40:05.988Z","v":0}
{"name":"hexo","hostname":"xiaoxzhe-mac","pid":96940,"level":20,"msg":"Processed: \u001b[35m_config.yml\u001b[39m","time":"2017-04-07T07:40:05.989Z","v":0}
{"name":"hexo","hostname":"xiaoxzhe-mac","pid":96940,"level":20,"msg":"Generator: \u001b[35mpage\u001b[39m","time":"2017-04-07T07:40:06.101Z","v":0}
{"name":"hexo","hostname":"xiaoxzhe-mac","pid":96940,"level":20,"msg":"Generator: \u001b[35mpost\u001b[39m","time":"2017-04-07T07:40:06.101Z","v":0}
{"name":"hexo","hostname":"xiaoxzhe-mac","pid":96940,"level":20,"msg":"Generator: \u001b[35marchive\u001b[39m","time":"2017-04-07T07:40:06.101Z","v":0}
{"name":"hexo","hostname":"xiaoxzhe-mac","pid":96940,"level":20,"msg":"Generator: \u001b[35mcategory\u001b[39m","time":"2017-04-07T07:40:06.101Z","v":0}
{"name":"hexo","hostname":"xiaoxzhe-mac","pid":96940,"level":20,"msg":"Generator: \u001b[35mindex\u001b[39m","time":"2017-04-07T07:40:06.101Z","v":0}
{"name":"hexo","hostname":"xiaoxzhe-mac","pid":96940,"level":20,"msg":"Generator: \u001b[35mtag\u001b[39m","time":"2017-04-07T07:40:06.101Z","v":0}
{"name":"hexo","hostname":"xiaoxzhe-mac","pid":96940,"level":20,"msg":"Generator: \u001b[35masset\u001b[39m","time":"2017-04-07T07:40:06.102Z","v":0}
{"name":"hexo","hostname":"xiaoxzhe-mac","pid":96940,"level":20,"msg":"Theme config loaded.","time":"2017-04-07T07:40:08.723Z","v":0}
{"name":"hexo","hostname":"xiaoxzhe-mac","pid":96940,"level":20,"msg":"Processed: \u001b[35m_config.yml\u001b[39m","time":"2017-04-07T07:40:08.723Z","v":0}
{"name":"hexo","hostname":"xiaoxzhe-mac","pid":96940,"level":20,"msg":"Generator: \u001b[35mpage\u001b[39m","time":"2017-04-07T07:40:08.830Z","v":0}
{"name":"hexo","hostname":"xiaoxzhe-mac","pid":96940,"level":20,"msg":"Generator: \u001b[35mpost\u001b[39m","time":"2017-04-07T07:40:08.830Z","v":0}
{"name":"hexo","hostname":"xiaoxzhe-mac","pid":96940,"level":20,"msg":"Generator: \u001b[35marchive\u001b[39m","time":"2017-04-07T07:40:08.830Z","v":0}
{"name":"hexo","hostname":"xiaoxzhe-mac","pid":96940,"level":20,"msg":"Generator: \u001b[35mcategory\u001b[39m","time":"2017-04-07T07:40:08.831Z","v":0}
{"name":"hexo","hostname":"xiaoxzhe-mac","pid":96940,"level":20,"msg":"Generator: \u001b[35mindex\u001b[39m","time":"2017-04-07T07:40:08.831Z","v":0}
{"name":"hexo","hostname":"xiaoxzhe-mac","pid":96940,"level":20,"msg":"Generator: \u001b[35mtag\u001b[39m","time":"2017-04-07T07:40:08.831Z","v":0}
{"name":"hexo","hostname":"xiaoxzhe-mac","pid":96940,"level":20,"msg":"Generator: \u001b[35masset\u001b[39m","time":"2017-04-07T07:40:08.832Z","v":0}
{"name":"hexo","hostname":"xiaoxzhe-mac","pid":96940,"level":20,"msg":"Rendering index: \u001b[35mindex.html\u001b[39m","time":"2017-04-07T07:40:10.205Z","v":0}
{"name":"hexo","hostname":"xiaoxzhe-mac","pid":96940,"level":20,"msg":"Theme config loaded.","time":"2017-04-07T07:40:43.617Z","v":0}
{"name":"hexo","hostname":"xiaoxzhe-mac","pid":96940,"level":20,"msg":"Processed: \u001b[35m_config.yml\u001b[39m","time":"2017-04-07T07:40:43.617Z","v":0}
{"name":"hexo","hostname":"xiaoxzhe-mac","pid":96940,"level":20,"msg":"Generator: \u001b[35mpage\u001b[39m","time":"2017-04-07T07:40:43.734Z","v":0}
{"name":"hexo","hostname":"xiaoxzhe-mac","pid":96940,"level":20,"msg":"Generator: \u001b[35mpost\u001b[39m","time":"2017-04-07T07:40:43.734Z","v":0}
{"name":"hexo","hostname":"xiaoxzhe-mac","pid":96940,"level":20,"msg":"Generator: \u001b[35marchive\u001b[39m","time":"2017-04-07T07:40:43.734Z","v":0}
{"name":"hexo","hostname":"xiaoxzhe-mac","pid":96940,"level":20,"msg":"Generator: \u001b[35mcategory\u001b[39m","time":"2017-04-07T07:40:43.734Z","v":0}
{"name":"hexo","hostname":"xiaoxzhe-mac","pid":96940,"level":20,"msg":"Generator: \u001b[35mindex\u001b[39m","time":"2017-04-07T07:40:43.734Z","v":0}
{"name":"hexo","hostname":"xiaoxzhe-mac","pid":96940,"level":20,"msg":"Generator: \u001b[35mtag\u001b[39m","time":"2017-04-07T07:40:43.734Z","v":0}
{"name":"hexo","hostname":"xiaoxzhe-mac","pid":96940,"level":20,"msg":"Generator: \u001b[35masset\u001b[39m","time":"2017-04-07T07:40:43.736Z","v":0}
{"name":"hexo","hostname":"xiaoxzhe-mac","pid":96940,"level":20,"msg":"Rendering index: \u001b[35mindex.html\u001b[39m","time":"2017-04-07T07:40:45.470Z","v":0}
{"name":"hexo","hostname":"xiaoxzhe-mac","pid":96940,"level":20,"msg":"Rendering index: \u001b[35mindex.html\u001b[39m","time":"2017-04-07T07:41:17.305Z","v":0}
{"name":"hexo","hostname":"xiaoxzhe-mac","pid":96940,"level":20,"msg":"Rendering index: \u001b[35mindex.html\u001b[39m","time":"2017-04-07T07:41:19.632Z","v":0}
{"name":"hexo","hostname":"xiaoxzhe-mac","pid":96940,"level":20,"msg":"Theme config loaded.","time":"2017-04-07T07:42:18.086Z","v":0}
{"name":"hexo","hostname":"xiaoxzhe-mac","pid":96940,"level":20,"msg":"Processed: \u001b[35m_config.yml\u001b[39m","time":"2017-04-07T07:42:18.086Z","v":0}
{"name":"hexo","hostname":"xiaoxzhe-mac","pid":96940,"level":20,"msg":"Generator: \u001b[35mpage\u001b[39m","time":"2017-04-07T07:42:18.196Z","v":0}
{"name":"hexo","hostname":"xiaoxzhe-mac","pid":96940,"level":20,"msg":"Generator: \u001b[35mpost\u001b[39m","time":"2017-04-07T07:42:18.196Z","v":0}
{"name":"hexo","hostname":"xiaoxzhe-mac","pid":96940,"level":20,"msg":"Generator: \u001b[35marchive\u001b[39m","time":"2017-04-07T07:42:18.196Z","v":0}
{"name":"hexo","hostname":"xiaoxzhe-mac","pid":96940,"level":20,"msg":"Generator: \u001b[35mcategory\u001b[39m","time":"2017-04-07T07:42:18.196Z","v":0}
{"name":"hexo","hostname":"xiaoxzhe-mac","pid":96940,"level":20,"msg":"Generator: \u001b[35mindex\u001b[39m","time":"2017-04-07T07:42:18.196Z","v":0}
{"name":"hexo","hostname":"xiaoxzhe-mac","pid":96940,"level":20,"msg":"Generator: \u001b[35mtag\u001b[39m","time":"2017-04-07T07:42:18.196Z","v":0}
{"name":"hexo","hostname":"xiaoxzhe-mac","pid":96940,"level":20,"msg":"Generator: \u001b[35masset\u001b[39m","time":"2017-04-07T07:42:18.197Z","v":0}
{"name":"hexo","hostname":"xiaoxzhe-mac","pid":96940,"level":20,"msg":"Rendering index: \u001b[35mindex.html\u001b[39m","time":"2017-04-07T07:42:22.545Z","v":0}
{"name":"hexo","hostname":"xiaoxzhe-mac","pid":96940,"level":20,"msg":"Theme config loaded.","time":"2017-04-07T07:42:28.787Z","v":0}
{"name":"hexo","hostname":"xiaoxzhe-mac","pid":96940,"level":20,"msg":"Processed: \u001b[35m_config.yml\u001b[39m","time":"2017-04-07T07:42:28.787Z","v":0}
{"name":"hexo","hostname":"xiaoxzhe-mac","pid":96940,"level":20,"msg":"Generator: \u001b[35mpage\u001b[39m","time":"2017-04-07T07:42:28.905Z","v":0}
{"name":"hexo","hostname":"xiaoxzhe-mac","pid":96940,"level":20,"msg":"Generator: \u001b[35mpost\u001b[39m","time":"2017-04-07T07:42:28.905Z","v":0}
{"name":"hexo","hostname":"xiaoxzhe-mac","pid":96940,"level":20,"msg":"Generator: \u001b[35marchive\u001b[39m","time":"2017-04-07T07:42:28.905Z","v":0}
{"name":"hexo","hostname":"xiaoxzhe-mac","pid":96940,"level":20,"msg":"Generator: \u001b[35mcategory\u001b[39m","time":"2017-04-07T07:42:28.905Z","v":0}
{"name":"hexo","hostname":"xiaoxzhe-mac","pid":96940,"level":20,"msg":"Generator: \u001b[35mindex\u001b[39m","time":"2017-04-07T07:42:28.905Z","v":0}
{"name":"hexo","hostname":"xiaoxzhe-mac","pid":96940,"level":20,"msg":"Generator: \u001b[35mtag\u001b[39m","time":"2017-04-07T07:42:28.905Z","v":0}
{"name":"hexo","hostname":"xiaoxzhe-mac","pid":96940,"level":20,"msg":"Generator: \u001b[35masset\u001b[39m","time":"2017-04-07T07:42:28.906Z","v":0}
{"name":"hexo","hostname":"xiaoxzhe-mac","pid":96940,"level":20,"msg":"Rendering index: \u001b[35mindex.html\u001b[39m","time":"2017-04-07T07:42:30.602Z","v":0}
{"name":"hexo","hostname":"xiaoxzhe-mac","pid":96940,"level":20,"msg":"Theme config loaded.","time":"2017-04-07T07:42:40.494Z","v":0}
{"name":"hexo","hostname":"xiaoxzhe-mac","pid":96940,"level":20,"msg":"Processed: \u001b[35m_config.yml\u001b[39m","time":"2017-04-07T07:42:40.494Z","v":0}
{"name":"hexo","hostname":"xiaoxzhe-mac","pid":96940,"level":20,"msg":"Generator: \u001b[35mpage\u001b[39m","time":"2017-04-07T07:42:40.606Z","v":0}
{"name":"hexo","hostname":"xiaoxzhe-mac","pid":96940,"level":20,"msg":"Generator: \u001b[35mpost\u001b[39m","time":"2017-04-07T07:42:40.606Z","v":0}
{"name":"hexo","hostname":"xiaoxzhe-mac","pid":96940,"level":20,"msg":"Generator: \u001b[35marchive\u001b[39m","time":"2017-04-07T07:42:40.606Z","v":0}
{"name":"hexo","hostname":"xiaoxzhe-mac","pid":96940,"level":20,"msg":"Generator: \u001b[35mcategory\u001b[39m","time":"2017-04-07T07:42:40.606Z","v":0}
{"name":"hexo","hostname":"xiaoxzhe-mac","pid":96940,"level":20,"msg":"Generator: \u001b[35mindex\u001b[39m","time":"2017-04-07T07:42:40.606Z","v":0}
{"name":"hexo","hostname":"xiaoxzhe-mac","pid":96940,"level":20,"msg":"Generator: \u001b[35mtag\u001b[39m","time":"2017-04-07T07:42:40.607Z","v":0}
{"name":"hexo","hostname":"xiaoxzhe-mac","pid":96940,"level":20,"msg":"Generator: \u001b[35masset\u001b[39m","time":"2017-04-07T07:42:40.609Z","v":0}
{"name":"hexo","hostname":"xiaoxzhe-mac","pid":96940,"level":20,"msg":"Rendering index: \u001b[35mindex.html\u001b[39m","time":"2017-04-07T07:42:50.254Z","v":0}
{"name":"hexo","hostname":"xiaoxzhe-mac","pid":96940,"level":20,"msg":"Rendering archive: \u001b[35marchives/index.html\u001b[39m","time":"2017-04-07T07:42:53.231Z","v":0}
{"name":"hexo","hostname":"xiaoxzhe-mac","pid":96940,"level":20,"msg":"Theme config loaded.","time":"2017-04-07T07:43:01.627Z","v":0}
{"name":"hexo","hostname":"xiaoxzhe-mac","pid":96940,"level":20,"msg":"Processed: \u001b[35m_config.yml\u001b[39m","time":"2017-04-07T07:43:01.627Z","v":0}
{"name":"hexo","hostname":"xiaoxzhe-mac","pid":96940,"level":20,"msg":"Generator: \u001b[35mpage\u001b[39m","time":"2017-04-07T07:43:01.739Z","v":0}
{"name":"hexo","hostname":"xiaoxzhe-mac","pid":96940,"level":20,"msg":"Generator: \u001b[35mpost\u001b[39m","time":"2017-04-07T07:43:01.740Z","v":0}
{"name":"hexo","hostname":"xiaoxzhe-mac","pid":96940,"level":20,"msg":"Generator: \u001b[35marchive\u001b[39m","time":"2017-04-07T07:43:01.740Z","v":0}
{"name":"hexo","hostname":"xiaoxzhe-mac","pid":96940,"level":20,"msg":"Generator: \u001b[35mcategory\u001b[39m","time":"2017-04-07T07:43:01.740Z","v":0}
{"name":"hexo","hostname":"xiaoxzhe-mac","pid":96940,"level":20,"msg":"Generator: \u001b[35mindex\u001b[39m","time":"2017-04-07T07:43:01.740Z","v":0}
{"name":"hexo","hostname":"xiaoxzhe-mac","pid":96940,"level":20,"msg":"Generator: \u001b[35mtag\u001b[39m","time":"2017-04-07T07:43:01.741Z","v":0}
{"name":"hexo","hostname":"xiaoxzhe-mac","pid":96940,"level":20,"msg":"Generator: \u001b[35masset\u001b[39m","time":"2017-04-07T07:43:01.742Z","v":0}
{"name":"hexo","hostname":"xiaoxzhe-mac","pid":96940,"level":20,"msg":"Rendering archive: \u001b[35marchives/index.html\u001b[39m","time":"2017-04-07T07:43:05.755Z","v":0}
{"name":"hexo","hostname":"xiaoxzhe-mac","pid":96940,"level":20,"msg":"Rendering index: \u001b[35mindex.html\u001b[39m","time":"2017-04-07T07:43:11.225Z","v":0}
{"name":"hexo","hostname":"xiaoxzhe-mac","pid":96940,"level":20,"msg":"Rendering post: \u001b[35m2017/04/07/hello-world/index.html\u001b[39m","time":"2017-04-07T07:44:03.244Z","v":0}
{"name":"hexo","hostname":"xiaoxzhe-mac","pid":96940,"level":30,"msg":"See you again","time":"2017-04-07T07:45:20.073Z","v":0}
{"name":"hexo","hostname":"xiaoxzhe-mac","pid":96940,"level":20,"msg":"Database saved","time":"2017-04-07T07:45:20.080Z","v":0}
